
> clipkeep@0.1.0 build
> node --max-old-space-size=4096 ./node_modules/next/dist/bin/next build

   ▲ Next.js 15.2.9
   - Environments: .env.local

   Creating an optimized production build ...
 ✓ Compiled successfully
   Linting and checking validity of types ...
   Collecting page data ...
   Generating static pages (0/21) ...
npm :  ⨯ useSearchParams() should be wrapped in a suspe
nse boundary at page "/404". Read more: https://nextjs.
org/docs/messages/missing-suspense-with-csr-bailout
At line:1 char:1
+ npm run build > build_error_v6.log 2>&1
+ ~~~~~~~~~~~~~~~~~~~~~~~~~~~~~~~~~~~~~~~
    + CategoryInfo          : NotSpecified: ( ⨯ useSea 
   rchPar...ith-csr-bailout:String) [], RemoteExcepti  
  on
    + FullyQualifiedErrorId : NativeCommandError
 
    at a (C:\dev\portfolio\web\clipkeep\.next\server\ch
unks\454.js:5:57070)
    at f (C:\dev\portfolio\web\clipkeep\.next\server\ch
unks\454.js:3:32632)
    at i (C:\dev\portfolio\web\clipkeep\.next\server\ap
p\_not-found\page.js:1:2863)
    at nL (C:\dev\portfolio\web\clipkeep\node_modules\n
ext\dist\compiled\next-server\app-page.runtime.prod.js:
76:46773)
    at nF (C:\dev\portfolio\web\clipkeep\node_modules\n
ext\dist\compiled\next-server\app-page.runtime.prod.js:
76:48548)
    at nF (C:\dev\portfolio\web\clipkeep\node_modules\n
ext\dist\compiled\next-server\app-page.runtime.prod.js:
76:64360)
    at nz (C:\dev\portfolio\web\clipkeep\node_modules\n
ext\dist\compiled\next-server\app-page.runtime.prod.js:
76:67434)
    at nH (C:\dev\portfolio\web\clipkeep\node_modules\n
ext\dist\compiled\next-server\app-page.runtime.prod.js:
76:65009)
    at nG (C:\dev\portfolio\web\clipkeep\node_modules\n
ext\dist\compiled\next-server\app-page.runtime.prod.js:
76:70865)
    at nq (C:\dev\portfolio\web\clipkeep\node_modules\n
ext\dist\compiled\next-server\app-page.runtime.prod.js:
76:69548)
Error occurred prerendering page "/_not-found". Read mo
re: https://nextjs.org/docs/messages/prerender-error
Export encountered an error on /_not-found/page: /_not-
found, exiting the build.
 ⨯ Next.js build worker exited with code: 1 and signal:
 null
