
> clipkeep@0.1.0 build
> node --max-old-space-size=4096 ./node_modules/next/dist/bin/next build

   ▲ Next.js 15.2.9
   - Environments: .env.local, .env

   Creating an optimized production build ...
 ✓ Compiled successfully
   Linting and checking validity of types ...
npm : Failed to compile.
At line:1 char:1
+ npm run build > build_last_v2.log 2>&1
+ ~~~~~~~~~~~~~~~~~~~~~~~~~~~~~~~~~~~~~~
    + CategoryInfo          : NotSpecified: (Failed to 
    compile.:String) [], RemoteException
    + FullyQualifiedErrorId : NativeCommandError
 

./app/result/[jobId]/page.tsx:163:19
Type error: Type '{ key: number; jobId: string; variant
: MediaVariant; locale: Locale; }' is not assignable to
 type 'IntrinsicAttributes & DownloadItemProps'.
  Property 'jobId' does not exist on type 'IntrinsicAtt
ributes & DownloadItemProps'.

[0m [90m 161 |[39m                 [33m<[39m[33mD
ownloadItem[39m [0m
[0m [90m 162 |[39m                   key[33m=[39m{
idx}[0m
[0m[31m[1m>[22m[39m[90m 163 |[39m               
    jobId[33m=[39m{jobId}[0m
[0m [90m     |[39m                   [31m[1m^[22m
[39m[0m
[0m [90m 164 |[39m                   variant[33m=[
39m{variant}[0m
[0m [90m 165 |[39m                   locale[33m=[3
9m{locale}[0m
[0m [90m 166 |[39m                 [33m/[39m[33m>
[39m[0m
Next.js build worker exited with code: 1 and signal: nu
ll
