
> clipkeep@0.1.0 build
> node --max-old-space-size=4096 ./node_modules/next/dist/bin/next build

   ▲ Next.js 15.2.9
   - Environments: .env.local

   Creating an optimized production build ...
 ✓ Compiled successfully
   Linting and checking validity of types ...
npm : 
At line:1 char:1
+ npm run build > build.log 2>&1
+ ~~~~~~~~~~~~~~~~~~~~~~~~~~~~~~
    + CategoryInfo          : NotSpecified: (:String)  
   [], RemoteException
    + FullyQualifiedErrorId : NativeCommandError
 
Failed to compile.

./src/lib/rate-limit/extract.ts
45:17  Error: Unexpected any. Specify a different type.
  @typescript-eslint/no-explicit-any

info  - Need to disable some ESLint rules? Learn more h
ere: https://nextjs.org/docs/app/api-reference/config/e
slint#disabling-rules
