
> clipkeep@0.1.0 build
> node --max-old-space-size=4096 ./node_modules/next/dist/bin/next build

   ▲ Next.js 15.2.9
   - Environments: .env.local

   Creating an optimized production build ...
 ✓ Compiled successfully
   Linting and checking validity of types ...
npm : Failed to compile.
At line:1 char:1
+ npm run build > build_error_final_2.log 2>&1
+ ~~~~~~~~~~~~~~~~~~~~~~~~~~~~~~~~~~~~~~~~~~~~
    + CategoryInfo          : NotSpecified: (Failed to 
    compile.:String) [], RemoteException
    + FullyQualifiedErrorId : NativeCommandError
 

./app/result/[jobId]/page.tsx:43:13
Type error: 'result' is of type 'unknown'.

[0m [90m 41 |[39m         [36mconst[39m result [3
3m=[39m [36mawait[39m res[33m.[39mjson()[33m;[39
m[0m
[0m [90m 42 |[39m[0m
[0m[31m[1m>[22m[39m[90m 43 |[39m         [36mif
[39m (result[33m.[39msuccess) {[0m
[0m [90m    |[39m             [31m[1m^[22m[39m[
0m
[0m [90m 44 |[39m           setData(result[33m.[39
mdata)[33m;[39m[0m
[0m [90m 45 |[39m           [36mif[39m (result[33
m.[39mdata[33m.[39mstatus [33m!==[39m [32m'comple
ted'[39m [33m&&[39m result[33m.[39mdata[33m.[39m
status [33m!==[39m [32m'failed'[39m) {[0m
[0m [90m 46 |[39m             timer [33m=[39m setT
imeout(poll[33m,[39m [35m2000[39m)[33m;[39m[0m
Next.js build worker exited with code: 1 and signal: nu
ll
