
> clipkeep@0.1.0 build
> node --max-old-space-size=4096 ./node_modules/next/dist/bin/next build

   ▲ Next.js 15.2.9
   - Environments: .env.local, .env

   Creating an optimized production build ...
 ✓ Compiled successfully
   Linting and checking validity of types ...
npm : 
At line:1 char:1
+ npm run build > build_final.log 2>&1
+ ~~~~~~~~~~~~~~~~~~~~~~~~~~~~~~~~~~~~
    + CategoryInfo          : NotSpecified: (:String)  
   [], RemoteException
    + FullyQualifiedErrorId : NativeCommandError
 
Failed to compile.

./app/api/v1/gallery/discover/route.ts
10:27  Error: '_request' is defined but never used.  @t
ypescript-eslint/no-unused-vars
21:37  Error: '_platform' is assigned a value but never
 used.  @typescript-eslint/no-unused-vars
41:5  Error: '_query' is assigned a value but never use
d.  @typescript-eslint/no-unused-vars

./app/result/[jobId]/page.tsx
63:16  Error: '_err' is defined but never used.  @types
cript-eslint/no-unused-vars

info  - Need to disable some ESLint rules? Learn more h
ere: https://nextjs.org/docs/app/api-reference/config/e
slint#disabling-rules
