
> clipkeep@0.1.0 build
> node --max-old-space-size=4096 ./node_modules/next/dist/bin/next build

   ▲ Next.js 15.2.9
   - Environments: .env.local

   Creating an optimized production build ...
 ✓ Compiled successfully
   Linting and checking validity of types ...
npm : Failed to compile.
At line:1 char:1
+ npm run build > build_error_v4.log 2>&1
+ ~~~~~~~~~~~~~~~~~~~~~~~~~~~~~~~~~~~~~~~
    + CategoryInfo          : NotSpecified: (Failed to 
    compile.:String) [], RemoteException
    + FullyQualifiedErrorId : NativeCommandError
 

./app/download-telegram-video/page.tsx:23:24
Type error: Type '{ initialPlatform: string; onStatusCh
ange: (msg: string, slug: string | null) => void; }' is
 not assignable to type 'IntrinsicAttributes & Extracto
rFormProps'.
  Property 'initialPlatform' does not exist on type 'In
trinsicAttributes & ExtractorFormProps'.

[0m [90m 21 |[39m[0m
[0m [90m 22 |[39m       [33m<[39m[33mdiv[39m sty
le[33m=[39m{{ marginBottom[33m:[39m [32m'3rem'[39
m }}[33m>[39m[0m
[0m[31m[1m>[22m[39m[90m 23 |[39m         [33m<
[39m[33mExtractorForm[39m initialPlatform[33m=[39m
[32m"telegram"[39m onStatusChange[33m=[39m{handleSta
tusChange} [33m/[39m[33m>[39m[0m
[0m [90m    |[39m                        [31m[1m^
[22m[39m[0m
[0m [90m 24 |[39m         [33m<[39m[33mdiv[39m s
tyle[33m=[39m{{ marginTop[33m:[39m [32m'12px'[39m
[33m,[39m padding[33m:[39m [32m'12px'[39m[33m,[
39m borderRadius[33m:[39m [32m'8px'[39m[33m,[39m 
backgroundColor[33m:[39m [32m'#f9f9f9'[39m[33m,[3
9m fontSize[33m:[39m [32m'0.9rem'[39m }}[33m>[39m
[0m
[0m [90m 25 |[39m           [33m<[39m[33mstrong[
39m[33m>[39m[33mStatus[39m[33m:[39m[33m<[39m[3
3m/[39m[33mstrong[39m[33m>[39m {message}[0m
[0m [90m 26 |[39m           {helpSlug [33m&&[39m 
[33m<[39m[33mspan[39m style[33m=[39m{{ marginLeft
[33m:[39m [35m8[39m }}[33m>[39m[33m|[39m [33mVi
ew[39m [33mGuide[39m[33m:[39m [33m<[39m[33ma[3
9m href[33m=[39m{[32m`/solution/${helpSlug}`[39m}[
33m>[39m[33m/[39msolution[33m/[39m{helpSlug}[33m<
[39m[33m/[39m[33ma[39m[33m>[39m[33m<[39m[33m/
[39m[33mspan[39m[33m>[39m}[0m
Next.js build worker exited with code: 1 and signal: nu
ll
