
> clipkeep@0.1.0 lint
> next lint

npm : 
At line:1 char:1
+ npm run lint > lint_error.log 2>&1
+ ~~~~~~~~~~~~~~~~~~~~~~~~~~~~~~~~~~
    + CategoryInfo          : NotSpecified: (:String)   
  [], RemoteException
    + FullyQualifiedErrorId : NativeCommandError
 
./app/blog/guide-to-media-archiving/page.tsx
61:246  Error: `"` can be escaped with `&quot;`, `&ldquo
;`, `&#34;`, `&rdquo;`.  react/no-unescaped-entities
61:263  Error: `"` can be escaped with `&quot;`, `&ldquo
;`, `&#34;`, `&rdquo;`.  react/no-unescaped-entities
74:147  Error: `"` can be escaped with `&quot;`, `&ldquo
;`, `&#34;`, `&rdquo;`.  react/no-unescaped-entities
74:168  Error: `"` can be escaped with `&quot;`, `&ldquo
;`, `&#34;`, `&rdquo;`.  react/no-unescaped-entities

info  - Need to disable some ESLint rules? Learn more he
re: https://nextjs.org/docs/app/api-reference/config/esl
int#disabling-rules
